<?xml version="1.0" encoding="UTF-8"?>
<robot generator="Robot 3.2.2 (Python 3.9.1 on win32)" generated="20210716 17:58:47.095" rpa="false">
    <suite id="s1" name="Approval Testsuit"
           source="D:\Program Files\JetBrains\PyCharm Community Edition 2020.2\Robot\testproject\approval_testsuit.robot">
        <test id="s1-t1" name="index #获取token 获取json串的值">
            <kw name="Create Session" library="RequestsLibrary">
                <doc>Create Session: create a HTTP session to a server</doc>
                <arguments>
                    <arg>local</arg>
                    <arg>${index}</arg>
                </arguments>
                <msg timestamp="20210716 17:58:47.622" level="INFO">Creating Session using : alias=local,
                    url=http://121.30.189.198:5200/approval-project, headers={}, cookies={}, auth=None, timeout=None,
                    proxies=None, verify=False, debug=0
                </msg>
                <status status="PASS" starttime="20210716 17:58:47.622" endtime="20210716 17:58:47.622"></status>
            </kw>
            <kw name="Get On Session" library="RequestsLibrary">
                <doc>Sends a GET request on a previously created HTTP Session.</doc>
                <arguments>
                    <arg>local</arg>
                    <arg>index</arg>
                </arguments>
                <assign>
                    <var>${resp}</var>
                </assign>
                <msg timestamp="20210716 17:58:47.646" level="INFO">GET Request :
                    url=http://121.30.189.198:5200/approval-project/index
                    path_url=/approval-project/index
                    headers={'User-Agent': 'python-requests/2.22.0', 'Accept-Encoding': 'gzip, deflate', 'Accept':
                    '*/*', 'Connection': 'keep-alive'}
                    body=None
                </msg>
                <msg timestamp="20210716 17:58:47.650" level="INFO">GET Response :
                    url=http://121.30.189.198:5200/approval-project/index
                    status=200, reason=
                    headers={'Server': 'nginx/1.15.2', 'Date': 'Fri, 16 Jul 2021 09:58:47 GMT', 'Content-Type':
                    'application/json', 'Transfer-Encoding': 'chunked', 'Connection': 'keep-alive'}
                    body={"code":200,"message":"request
                    successful","data":{"token":"+sBlpjqSfOpYVqT1EKHEyWkJrmf26BTc6gZJZMFOBDQbfaFVttG5lihzcV8UYRyz","powerMenuList":[{"treeId":63,"treeParentId":0,"treeLevel":1,"childrenList":[{"treeId":64,"treeParentId":63,"treeLevel":2,"childrenList":null,"menuId":64,"menuName":"事项栏目","menuOrderWeight":0,"treePathEnum":"63_64","menuType":1,"menuIcon":"","menuRoutePath":"/matterManage"},{"treeId":65,"treeParentId":63,"treeLevel":2,"childrenList":null,"menuId":65,"menuName":"事项清单","menuOrderWeight":0,"treePathEnum":"63_65","menuType":1,"menuIcon":"","menuRoutePath":"/inventory"}],"menuId":63,"menuName":"事项管理","menuOrderWeight":98,"treePathEnum":"63","menuType":1,"menuIcon":"icon-matter","menuRoutePath":"//"},{"treeId":29,"treeParentId":0,"treeLevel":1,"childrenList":null,"menuId":29,"menuName":"部门管理","menuOrderWeight":4,"treePathEnum":"29","menuType":1,"menuIcon":"icon-department","menuRoutePath":"/departmentMatters"},{"treeId":40,"treeParentId":0,"treeLevel":1,"childrenList":null,"menuId":40,"menuName":"问题库","menuOrderWeight":0,"treePathEnum":"40","menuType":1,"menuIcon":"icon-question","menuRoutePath":"/questionBank"}],"powerButtonList":[]}}
                </msg>
                <msg timestamp="20210716 17:58:47.650" level="INFO">${resp} = &lt;Response [200]&gt;</msg>
                <status status="PASS" starttime="20210716 17:58:47.622" endtime="20210716 17:58:47.650"></status>
            </kw>
            <kw name="Log" library="BuiltIn">
                <doc>Logs the given message with the given level.</doc>
                <arguments>
                    <arg>${resp.json()['data']['powerMenuList'][0]['menuName']}</arg>
                </arguments>
                <msg timestamp="20210716 17:58:47.651" level="INFO">事项管理</msg>
                <status status="PASS" starttime="20210716 17:58:47.651" endtime="20210716 17:58:47.651"></status>
            </kw>
            <kw name="Log" library="BuiltIn">
                <doc>Logs the given message with the given level.</doc>
                <arguments>
                    <arg>${resp.json()['data']['token']}</arg>
                </arguments>
                <msg timestamp="20210716 17:58:47.651" level="INFO">
                    +sBlpjqSfOpYVqT1EKHEyWkJrmf26BTc6gZJZMFOBDQbfaFVttG5lihzcV8UYRyz
                </msg>
                <status status="PASS" starttime="20210716 17:58:47.651" endtime="20210716 17:58:47.651"></status>
            </kw>
            <kw name="Should Be Equal As Strings" library="BuiltIn">
                <doc>Fails if objects are unequal after converting them to strings.</doc>
                <arguments>
                    <arg>${resp.status_code}</arg>
                    <arg>200</arg>
                </arguments>
                <msg timestamp="20210716 17:58:47.652" level="INFO">Argument types are:
                    &lt;class 'int'&gt;
                    &lt;type 'unicode'&gt;
                </msg>
                <status status="PASS" starttime="20210716 17:58:47.651" endtime="20210716 17:58:47.652"></status>
            </kw>
            <kw name="Open Workbook" library="ExcellentLibrary">
                <doc>Opens the workbook found at the given file path.
                    _NOTE_: Please note that at present _XLS_ files are not supported.
                </doc>
                <arguments>
                    <arg>F:\\token.xlsx</arg>
                </arguments>
                <status status="PASS" starttime="20210716 17:58:47.652" endtime="20210716 17:58:47.664"></status>
            </kw>
            <kw name="Write To Cell" library="ExcellentLibrary">
                <doc>Writes a value to the supplied cell.</doc>
                <arguments>
                    <arg>B4</arg>
                    <arg>${resp.json()['data']['token']}</arg>
                </arguments>
                <status status="PASS" starttime="20210716 17:58:47.664" endtime="20210716 17:58:47.665"></status>
            </kw>
            <kw name="Save" library="ExcellentLibrary">
                <doc>Saves the changes to the currently active workbook.</doc>
                <arguments>
                    <arg>F:\\token.xlsx</arg>
                </arguments>
                <status status="PASS" starttime="20210716 17:58:47.665" endtime="20210716 17:58:47.688"></status>
            </kw>
            <kw name="Close Workbook" library="ExcellentLibrary">
                <doc>Closes the workbook identified by the supplied alias.</doc>
                <arguments>
                    <arg>F:\\token.xlsx</arg>
                </arguments>
                <status status="PASS" starttime="20210716 17:58:47.689" endtime="20210716 17:58:47.689"></status>
            </kw>
            <status status="PASS" starttime="20210716 17:58:47.621" endtime="20210716 17:58:47.689"
                    critical="yes"></status>
        </test>
        <test id="s1-t2" name="theme1 #get 获取自然人下的所有主题">
            <kw name="Sleep" library="BuiltIn">
                <doc>Pauses the test executed for the given time.</doc>
                <arguments>
                    <arg>1</arg>
                </arguments>
                <msg timestamp="20210716 17:58:48.690" level="INFO">Slept 1 second</msg>
                <status status="PASS" starttime="20210716 17:58:47.690" endtime="20210716 17:58:48.690"></status>
            </kw>
            <kw name="Open Workbook" library="ExcellentLibrary">
                <doc>Opens the workbook found at the given file path.
                    _NOTE_: Please note that at present _XLS_ files are not supported.
                </doc>
                <arguments>
                    <arg>F:\\token.xlsx</arg>
                </arguments>
                <status status="PASS" starttime="20210716 17:58:48.690" endtime="20210716 17:58:48.702"></status>
            </kw>
            <kw name="Read From Cell" library="ExcellentLibrary">
                <doc>Reads the data from the cell identified by the given locator.</doc>
                <arguments>
                    <arg>B4</arg>
                </arguments>
                <assign>
                    <var>${token}</var>
                </assign>
                <msg timestamp="20210716 17:58:48.702" level="INFO">${token} =
                    +sBlpjqSfOpYVqT1EKHEyWkJrmf26BTc6gZJZMFOBDQbfaFVttG5lihzcV8UYRyz
                </msg>
                <status status="PASS" starttime="20210716 17:58:48.702" endtime="20210716 17:58:48.702"></status>
            </kw>
            <kw name="Create Dictionary" library="BuiltIn">
                <doc>Creates and returns a dictionary based on the given ``items``.</doc>
                <arguments>
                    <arg>token=${token}</arg>
                </arguments>
                <assign>
                    <var>${headers}</var>
                </assign>
                <msg timestamp="20210716 17:58:48.703" level="INFO">${headers} = {'token':
                    '+sBlpjqSfOpYVqT1EKHEyWkJrmf26BTc6gZJZMFOBDQbfaFVttG5lihzcV8UYRyz'}
                </msg>
                <status status="PASS" starttime="20210716 17:58:48.702" endtime="20210716 17:58:48.703"></status>
            </kw>
            <kw name="Create Session" library="RequestsLibrary">
                <doc>Create Session: create a HTTP session to a server</doc>
                <arguments>
                    <arg>local</arg>
                    <arg>${index}/theme</arg>
                    <arg>${headers}</arg>
                </arguments>
                <msg timestamp="20210716 17:58:48.703" level="INFO">Creating Session using : alias=local,
                    url=http://121.30.189.198:5200/approval-project/theme, headers={'token':
                    '+sBlpjqSfOpYVqT1EKHEyWkJrmf26BTc6gZJZMFOBDQbfaFVttG5lihzcV8UYRyz'}, cookies={}, auth=None,
                    timeout=None, proxies=None, verify=False, debug=0
                </msg>
                <status status="PASS" starttime="20210716 17:58:48.703" endtime="20210716 17:58:48.703"></status>
            </kw>
            <kw name="Get On Session" library="RequestsLibrary">
                <doc>Sends a GET request on a previously created HTTP Session.</doc>
                <arguments>
                    <arg>local</arg>
                    <arg>1</arg>
                </arguments>
                <assign>
                    <var>${resp}</var>
                </assign>
                <msg timestamp="20210716 17:58:48.724" level="INFO">GET Request :
                    url=http://121.30.189.198:5200/approval-project/theme/1
                    path_url=/approval-project/theme/1
                    headers={'User-Agent': 'python-requests/2.22.0', 'Accept-Encoding': 'gzip, deflate', 'Accept':
                    '*/*', 'Connection': 'keep-alive', 'token':
                    '+sBlpjqSfOpYVqT1EKHEyWkJrmf26BTc6gZJZMFOBDQbfaFVttG5lihzcV8UYRyz'}
                    body=None
                </msg>
                <msg timestamp="20210716 17:58:48.728" level="INFO">GET Response :
                    url=http://121.30.189.198:5200/approval-project/theme/1
                    status=200, reason=
                    headers={'Server': 'nginx/1.15.2', 'Date': 'Fri, 16 Jul 2021 09:58:48 GMT', 'Content-Type':
                    'application/json', 'Transfer-Encoding': 'chunked', 'Connection': 'keep-alive'}
                    body={"code":200,"message":"request
                    successful","data":[{"themeId":12,"themeCode":"001","themeName":"社会保障","icon":"group3/M00/00/15/wKgDFmBamRqAGp1fAAAD4-nYEYg960.png","themeType":1,"createTime":"2021-03-20T02:02:01.883+00:00","updateTime":"2021-03-24T01:42:51.838+00:00","stringThemeId":"12"},{"themeId":1,"themeCode":"005","themeName":"生育收养","icon":"group1/M00/0E/BB/wKgDZV_IU9-AQtDmAAAGKK1vgVU240.png","themeType":1,"createTime":"2020-09-25T01:57:43.453+00:00","updateTime":"2020-12-03T02:56:34.277+00:00","stringThemeId":"1"},{"themeId":2,"themeCode":"010","themeName":"户籍咨询","icon":"group3/M00/0E/BB/wKgDZ1_IVOuAT60_AAAEd4tuIGg981.png","themeType":1,"createTime":"2020-09-25T01:57:53.154+00:00","updateTime":"2021-02-01T02:10:55.885+00:00","stringThemeId":"2"},{"themeId":3,"themeCode":"015","themeName":"民族宗教","icon":"group2/M00/0E/BB/wKgDZl_IVI-ALHAuAAAFNoshNrQ926.png","themeType":1,"createTime":"2020-09-25T01:58:05.699+00:00","updateTime":"2020-12-03T02:59:30.260+00:00","stringThemeId":"3"},{"themeId":4,"themeCode":"020","themeName":"教育科研","icon":"group1/M00/0E/BB/wKgDZV_IVPKAbu5yAAAEZbKjN2U486.png","themeType":1,"createTime":"2020-09-25T01:58:17.253+00:00","updateTime":"2020-12-03T03:01:09.305+00:00","stringThemeId":"4"},{"themeId":5,"themeCode":"025","themeName":"入伍服役","icon":"group1/M00/0E/BB/wKgDZV_IVIeAW5a1AAAE4kGHtWc550.png","themeType":1,"createTime":"2020-09-25T01:58:46.540+00:00","updateTime":"2020-12-03T02:59:21.845+00:00","stringThemeId":"5"}]}
                </msg>
                <msg timestamp="20210716 17:58:48.728" level="INFO">${resp} = &lt;Response [200]&gt;</msg>
                <status status="PASS" starttime="20210716 17:58:48.703" endtime="20210716 17:58:48.728"></status>
            </kw>
            <kw name="Close Workbook" library="ExcellentLibrary">
                <doc>Closes the workbook identified by the supplied alias.</doc>
                <arguments>
                    <arg>F:\\token.xlsx</arg>
                </arguments>
                <status status="PASS" starttime="20210716 17:58:48.728" endtime="20210716 17:58:48.728"></status>
            </kw>
            <kw name="Log" library="BuiltIn">
                <doc>Logs the given message with the given level.</doc>
                <arguments>
                    <arg>${resp.status_code}</arg>
                </arguments>
                <msg timestamp="20210716 17:58:48.729" level="INFO">200</msg>
                <status status="PASS" starttime="20210716 17:58:48.729" endtime="20210716 17:58:48.729"></status>
            </kw>
            <kw name="Log" library="BuiltIn">
                <doc>Logs the given message with the given level.</doc>
                <arguments>
                    <arg>${resp.text}</arg>
                </arguments>
                <msg timestamp="20210716 17:58:48.733" level="INFO">{"code":200,"message":"request
                    successful","data":[{"themeId":12,"themeCode":"001","themeName":"社会保障","icon":"group3/M00/00/15/wKgDFmBamRqAGp1fAAAD4-nYEYg960.png","themeType":1,"createTime":"2021-03-20T02:02:01.883+00:00","updateTime":"2021-03-24T01:42:51.838+00:00","stringThemeId":"12"},{"themeId":1,"themeCode":"005","themeName":"生育收养","icon":"group1/M00/0E/BB/wKgDZV_IU9-AQtDmAAAGKK1vgVU240.png","themeType":1,"createTime":"2020-09-25T01:57:43.453+00:00","updateTime":"2020-12-03T02:56:34.277+00:00","stringThemeId":"1"},{"themeId":2,"themeCode":"010","themeName":"户籍咨询","icon":"group3/M00/0E/BB/wKgDZ1_IVOuAT60_AAAEd4tuIGg981.png","themeType":1,"createTime":"2020-09-25T01:57:53.154+00:00","updateTime":"2021-02-01T02:10:55.885+00:00","stringThemeId":"2"},{"themeId":3,"themeCode":"015","themeName":"民族宗教","icon":"group2/M00/0E/BB/wKgDZl_IVI-ALHAuAAAFNoshNrQ926.png","themeType":1,"createTime":"2020-09-25T01:58:05.699+00:00","updateTime":"2020-12-03T02:59:30.260+00:00","stringThemeId":"3"},{"themeId":4,"themeCode":"020","themeName":"教育科研","icon":"group1/M00/0E/BB/wKgDZV_IVPKAbu5yAAAEZbKjN2U486.png","themeType":1,"createTime":"2020-09-25T01:58:17.253+00:00","updateTime":"2020-12-03T03:01:09.305+00:00","stringThemeId":"4"},{"themeId":5,"themeCode":"025","themeName":"入伍服役","icon":"group1/M00/0E/BB/wKgDZV_IVIeAW5a1AAAE4kGHtWc550.png","themeType":1,"createTime":"2020-09-25T01:58:46.540+00:00","updateTime":"2020-12-03T02:59:21.845+00:00","stringThemeId":"5"}]}
                </msg>
                <status status="PASS" starttime="20210716 17:58:48.729" endtime="20210716 17:58:48.733"></status>
            </kw>
            <kw name="Should Be Equal As Strings" library="BuiltIn">
                <doc>Fails if objects are unequal after converting them to strings.</doc>
                <arguments>
                    <arg>${resp.status_code}</arg>
                    <arg>200</arg>
                </arguments>
                <msg timestamp="20210716 17:58:48.734" level="INFO">Argument types are:
                    &lt;class 'int'&gt;
                    &lt;type 'unicode'&gt;
                </msg>
                <status status="PASS" starttime="20210716 17:58:48.733" endtime="20210716 17:58:48.734"></status>
            </kw>
            <kw name="Should Be Equal As Strings" library="BuiltIn">
                <doc>Fails if objects are unequal after converting them to strings.</doc>
                <arguments>
                    <arg>${resp.json()['message']}</arg>
                    <arg>request successful</arg>
                </arguments>
                <status status="PASS" starttime="20210716 17:58:48.734" endtime="20210716 17:58:48.734"></status>
            </kw>
            <kw name="Should Be Equal As Numbers" library="BuiltIn">
                <doc>Fails if objects are unequal after converting them to real numbers.</doc>
                <arguments>
                    <arg>${resp.status_code}</arg>
                    <arg>200</arg>
                </arguments>
                <msg timestamp="20210716 17:58:48.734" level="INFO">Argument types are:
                    &lt;class 'int'&gt;
                    &lt;type 'unicode'&gt;
                </msg>
                <status status="PASS" starttime="20210716 17:58:48.734" endtime="20210716 17:58:48.734"></status>
            </kw>
            <kw name="Should Be Equal As Integers" library="BuiltIn">
                <doc>Fails if objects are unequal after converting them to integers.</doc>
                <arguments>
                    <arg>${resp.status_code}</arg>
                    <arg>200</arg>
                </arguments>
                <msg timestamp="20210716 17:58:48.735" level="INFO">Argument types are:
                    &lt;class 'int'&gt;
                    &lt;type 'unicode'&gt;
                </msg>
                <status status="PASS" starttime="20210716 17:58:48.735" endtime="20210716 17:58:48.735"></status>
            </kw>
            <kw name="Should Exist" library="OperatingSystem">
                <doc>Fails unless the given path (file or directory) exists.</doc>
                <arguments>
                    <arg>F:\\token.xlsx</arg>
                </arguments>
                <msg timestamp="20210716 17:58:48.735" level="INFO" html="yes">Path '&lt;a href="file://F:\token.xlsx"&gt;F:\token.xlsx&lt;/a&gt;'
                    exists.
                </msg>
                <status status="PASS" starttime="20210716 17:58:48.735" endtime="20210716 17:58:48.735"></status>
            </kw>
            <status status="PASS" starttime="20210716 17:58:47.689" endtime="20210716 17:58:48.735"
                    critical="yes"></status>
        </test>
        <test id="s1-t3" name="theme2 #get 获取法人下的所有主题">
            <kw name="Sleep" library="BuiltIn">
                <doc>Pauses the test executed for the given time.</doc>
                <arguments>
                    <arg>1</arg>
                </arguments>
                <msg timestamp="20210716 17:58:49.738" level="INFO">Slept 1 second</msg>
                <status status="PASS" starttime="20210716 17:58:48.736" endtime="20210716 17:58:49.738"></status>
            </kw>
            <kw name="Open Workbook" library="ExcellentLibrary">
                <doc>Opens the workbook found at the given file path.
                    _NOTE_: Please note that at present _XLS_ files are not supported.
                </doc>
                <arguments>
                    <arg>F:\\token.xlsx</arg>
                </arguments>
                <status status="PASS" starttime="20210716 17:58:49.738" endtime="20210716 17:58:49.750"></status>
            </kw>
            <kw name="Read From Cell" library="ExcellentLibrary">
                <doc>Reads the data from the cell identified by the given locator.</doc>
                <arguments>
                    <arg>B4</arg>
                </arguments>
                <assign>
                    <var>${token}</var>
                </assign>
                <msg timestamp="20210716 17:58:49.750" level="INFO">${token} =
                    +sBlpjqSfOpYVqT1EKHEyWkJrmf26BTc6gZJZMFOBDQbfaFVttG5lihzcV8UYRyz
                </msg>
                <status status="PASS" starttime="20210716 17:58:49.750" endtime="20210716 17:58:49.750"></status>
            </kw>
            <kw name="Create Dictionary" library="BuiltIn">
                <doc>Creates and returns a dictionary based on the given ``items``.</doc>
                <arguments>
                    <arg>token=${token}</arg>
                </arguments>
                <assign>
                    <var>${headers}</var>
                </assign>
                <msg timestamp="20210716 17:58:49.750" level="INFO">${headers} = {'token':
                    '+sBlpjqSfOpYVqT1EKHEyWkJrmf26BTc6gZJZMFOBDQbfaFVttG5lihzcV8UYRyz'}
                </msg>
                <status status="PASS" starttime="20210716 17:58:49.750" endtime="20210716 17:58:49.750"></status>
            </kw>
            <kw name="Create Session" library="RequestsLibrary">
                <doc>Create Session: create a HTTP session to a server</doc>
                <arguments>
                    <arg>local</arg>
                    <arg>${index}/theme</arg>
                    <arg>${headers}</arg>
                </arguments>
                <msg timestamp="20210716 17:58:49.751" level="INFO">Creating Session using : alias=local,
                    url=http://121.30.189.198:5200/approval-project/theme, headers={'token':
                    '+sBlpjqSfOpYVqT1EKHEyWkJrmf26BTc6gZJZMFOBDQbfaFVttG5lihzcV8UYRyz'}, cookies={}, auth=None,
                    timeout=None, proxies=None, verify=False, debug=0
                </msg>
                <status status="PASS" starttime="20210716 17:58:49.751" endtime="20210716 17:58:49.751"></status>
            </kw>
            <kw name="Get On Session" library="RequestsLibrary">
                <doc>Sends a GET request on a previously created HTTP Session.</doc>
                <arguments>
                    <arg>local</arg>
                    <arg>2</arg>
                </arguments>
                <assign>
                    <var>${resp}</var>
                </assign>
                <msg timestamp="20210716 17:58:49.771" level="INFO">GET Request :
                    url=http://121.30.189.198:5200/approval-project/theme/2
                    path_url=/approval-project/theme/2
                    headers={'User-Agent': 'python-requests/2.22.0', 'Accept-Encoding': 'gzip, deflate', 'Accept':
                    '*/*', 'Connection': 'keep-alive', 'token':
                    '+sBlpjqSfOpYVqT1EKHEyWkJrmf26BTc6gZJZMFOBDQbfaFVttG5lihzcV8UYRyz'}
                    body=None
                </msg>
                <msg timestamp="20210716 17:58:49.774" level="INFO">GET Response :
                    url=http://121.30.189.198:5200/approval-project/theme/2
                    status=200, reason=
                    headers={'Server': 'nginx/1.15.2', 'Date': 'Fri, 16 Jul 2021 09:58:49 GMT', 'Content-Type':
                    'application/json', 'Transfer-Encoding': 'chunked', 'Connection': 'keep-alive'}
                    body={"code":200,"message":"request
                    successful","data":[{"themeId":11,"themeCode":"10006","themeName":"土地咨询","icon":"group3/M00/0E/BB/wKgDZ1_IVHOAdcorAAADwTW7yGc646.png","themeType":2,"createTime":"2020-11-23T11:22:09.436+00:00","updateTime":"2021-02-01T02:11:07.955+00:00","stringThemeId":"11"}]}
                </msg>
                <msg timestamp="20210716 17:58:49.774" level="INFO">${resp} = &lt;Response [200]&gt;</msg>
                <status status="PASS" starttime="20210716 17:58:49.751" endtime="20210716 17:58:49.774"></status>
            </kw>
            <kw name="Close Workbook" library="ExcellentLibrary">
                <doc>Closes the workbook identified by the supplied alias.</doc>
                <arguments>
                    <arg>F:\\token.xlsx</arg>
                </arguments>
                <status status="PASS" starttime="20210716 17:58:49.774" endtime="20210716 17:58:49.775"></status>
            </kw>
            <kw name="Log" library="BuiltIn">
                <doc>Logs the given message with the given level.</doc>
                <arguments>
                    <arg>${resp.status_code}</arg>
                </arguments>
                <msg timestamp="20210716 17:58:49.775" level="INFO">200</msg>
                <status status="PASS" starttime="20210716 17:58:49.775" endtime="20210716 17:58:49.775"></status>
            </kw>
            <kw name="Log" library="BuiltIn">
                <doc>Logs the given message with the given level.</doc>
                <arguments>
                    <arg>${resp.text}</arg>
                </arguments>
                <msg timestamp="20210716 17:58:49.778" level="INFO">{"code":200,"message":"request
                    successful","data":[{"themeId":11,"themeCode":"10006","themeName":"土地咨询","icon":"group3/M00/0E/BB/wKgDZ1_IVHOAdcorAAADwTW7yGc646.png","themeType":2,"createTime":"2020-11-23T11:22:09.436+00:00","updateTime":"2021-02-01T02:11:07.955+00:00","stringThemeId":"11"}]}
                </msg>
                <status status="PASS" starttime="20210716 17:58:49.775" endtime="20210716 17:58:49.778"></status>
            </kw>
            <kw name="Should Be Equal As Strings" library="BuiltIn">
                <doc>Fails if objects are unequal after converting them to strings.</doc>
                <arguments>
                    <arg>${resp.status_code}</arg>
                    <arg>200</arg>
                </arguments>
                <msg timestamp="20210716 17:58:49.778" level="INFO">Argument types are:
                    &lt;class 'int'&gt;
                    &lt;type 'unicode'&gt;
                </msg>
                <status status="PASS" starttime="20210716 17:58:49.778" endtime="20210716 17:58:49.778"></status>
            </kw>
            <kw name="Should Be Equal As Strings" library="BuiltIn">
                <doc>Fails if objects are unequal after converting them to strings.</doc>
                <arguments>
                    <arg>${resp.json()['message']}</arg>
                    <arg>request successful</arg>
                </arguments>
                <status status="PASS" starttime="20210716 17:58:49.778" endtime="20210716 17:58:49.779"></status>
            </kw>
            <status status="PASS" starttime="20210716 17:58:48.736" endtime="20210716 17:58:49.779"
                    critical="yes"></status>
        </test>
        <test id="s1-t4" name="itemsList #post 循环获取主题code">
            <kw name="Sleep" library="BuiltIn">
                <doc>Pauses the test executed for the given time.</doc>
                <arguments>
                    <arg>1</arg>
                </arguments>
                <msg timestamp="20210716 17:58:50.781" level="INFO">Slept 1 second</msg>
                <status status="PASS" starttime="20210716 17:58:49.780" endtime="20210716 17:58:50.781"></status>
            </kw>
            <kw name="${themeCode} IN [ 005 | 010 | 015 | 020 | 025 ]" type="for">
                <kw name="${themeCode} = 005" type="foritem">
                    <kw name="Open Workbook" library="ExcellentLibrary">
                        <doc>Opens the workbook found at the given file path.
                            _NOTE_: Please note that at present _XLS_ files are not supported.
                        </doc>
                        <arguments>
                            <arg>F:\\token.xlsx</arg>
                        </arguments>
                        <status status="PASS" starttime="20210716 17:58:50.781"
                                endtime="20210716 17:58:50.800"></status>
                    </kw>
                    <kw name="Read From Cell" library="ExcellentLibrary">
                        <doc>Reads the data from the cell identified by the given locator.</doc>
                        <arguments>
                            <arg>B4</arg>
                        </arguments>
                        <assign>
                            <var>${token}</var>
                        </assign>
                        <msg timestamp="20210716 17:58:50.800" level="INFO">${token} =
                            +sBlpjqSfOpYVqT1EKHEyWkJrmf26BTc6gZJZMFOBDQbfaFVttG5lihzcV8UYRyz
                        </msg>
                        <status status="PASS" starttime="20210716 17:58:50.800"
                                endtime="20210716 17:58:50.800"></status>
                    </kw>
                    <kw name="Create Dictionary" library="BuiltIn">
                        <doc>Creates and returns a dictionary based on the given ``items``.</doc>
                        <arguments>
                            <arg>token=${token}</arg>
                        </arguments>
                        <assign>
                            <var>${headers}</var>
                        </assign>
                        <msg timestamp="20210716 17:58:50.801" level="INFO">${headers} = {'token':
                            '+sBlpjqSfOpYVqT1EKHEyWkJrmf26BTc6gZJZMFOBDQbfaFVttG5lihzcV8UYRyz'}
                        </msg>
                        <status status="PASS" starttime="20210716 17:58:50.800"
                                endtime="20210716 17:58:50.801"></status>
                    </kw>
                    <kw name="Create Session" library="RequestsLibrary">
                        <doc>Create Session: create a HTTP session to a server</doc>
                        <arguments>
                            <arg>itemlist</arg>
                            <arg>http://${server}</arg>
                            <arg>${headers}</arg>
                        </arguments>
                        <msg timestamp="20210716 17:58:50.801" level="INFO">Creating Session using : alias=itemlist,
                            url=http://121.30.189.198:5200, headers={'token':
                            '+sBlpjqSfOpYVqT1EKHEyWkJrmf26BTc6gZJZMFOBDQbfaFVttG5lihzcV8UYRyz'}, cookies={}, auth=None,
                            timeout=None, proxies=None, verify=False, debug=0
                        </msg>
                        <status status="PASS" starttime="20210716 17:58:50.801"
                                endtime="20210716 17:58:50.801"></status>
                    </kw>
                    <kw name="Create Dictionary" library="BuiltIn">
                        <doc>Creates and returns a dictionary based on the given ``items``.</doc>
                        <arguments>
                            <arg>pageNo=0</arg>
                            <arg>departmentId=0</arg>
                            <arg>themeType=1</arg>
                            <arg>pageSize=10</arg>
                            <arg>itemName=</arg>
                            <arg>themeCode=${themeCode}</arg>
                            <arg>itemTypeCode=</arg>
                        </arguments>
                        <assign>
                            <var>${data}</var>
                        </assign>
                        <msg timestamp="20210716 17:58:50.802" level="INFO">${data} = {'pageNo': '0', 'departmentId':
                            '0', 'themeType': '1', 'pageSize': '10', 'itemName': '', 'themeCode': '005', 'itemTypeCode':
                            ''}
                        </msg>
                        <status status="PASS" starttime="20210716 17:58:50.801"
                                endtime="20210716 17:58:50.802"></status>
                    </kw>
                    <kw name="Post On Session" library="RequestsLibrary">
                        <doc>Sends a POST request on a previously created HTTP Session.</doc>
                        <arguments>
                            <arg>itemlist</arg>
                            <arg>approval-project/itemsList/example/0/10</arg>
                            <arg>${data}</arg>
                        </arguments>
                        <assign>
                            <var>${resp}</var>
                        </assign>
                        <msg timestamp="20210716 17:58:50.874" level="INFO">POST Request :
                            url=http://121.30.189.198:5200/approval-project/itemsList/example/0/10
                            path_url=/approval-project/itemsList/example/0/10
                            headers={'User-Agent': 'python-requests/2.22.0', 'Accept-Encoding': 'gzip, deflate',
                            'Accept': '*/*', 'Connection': 'keep-alive', 'token':
                            '+sBlpjqSfOpYVqT1EKHEyWkJrmf26BTc6gZJZMFOBDQbfaFVttG5lihzcV8UYRyz', 'Content-Length': '85',
                            'Content-Type': 'application/x-www-form-urlencoded'}
                            body=pageNo=0&amp;departmentId=0&amp;themeType=1&amp;pageSize=10&amp;itemName=&amp;themeCode=005&amp;itemTypeCode=
                        </msg>
                        <msg timestamp="20210716 17:58:50.879" level="INFO">POST Response :
                            url=http://121.30.189.198:5200/approval-project/itemsList/example/0/10
                            status=200, reason=
                            headers={'Server': 'nginx/1.15.2', 'Date': 'Fri, 16 Jul 2021 09:58:50 GMT', 'Content-Type':
                            'application/json', 'Transfer-Encoding': 'chunked', 'Connection': 'keep-alive'}
                            body={"code":200,"message":"request
                            successful","data":{"pageSize":10,"totalRows":1,"totalPages":1,"currentPage":0,"resultList":[{"itemsListId":46,"itemName":"民办非企业单位修改章程核准","basicCode":"140111002000","implementCode":"0000000014080279004140111002000","itemVersion":"1.4","bussinessHandleCode":"1000045","itemTypeCode":"01","itemTypeName":"行政许可","itemSpoken":"民办非修改章程","exerciseLevelCode":"2","exerciseLevelName":"省级/直属","implementSubject":"大同市政府","officeType":"2","officeTypeDesc":"承诺件","approvalResultName":"1.关于运城市盐湖区章程核准的批复","statutoryDeadlineDesc":"法定办结时限说明","commitmentDeadlineDesc":"承诺办结时限说明","handleMode":"1","visitsNumber":"1","serviceObjectCode":"1","serviceObjectCodeDesc":"自然人","themeId":1,"themeName":"生育收养","departmentId":1,"departmentName":"大同市政府","flowPrototypeId":"FLOW_202011051627179166","consultionMethod":"电话","supervisionComplaintMethod":"电话","handleWindows":"法人综合窗口","windowsAddress":"大同市政府","acceptConditions":"申请章程修改及核准的民办非企业单位","isCharge":"否","implementationListName":null}]}}
                        </msg>
                        <msg timestamp="20210716 17:58:50.880" level="INFO">${resp} = &lt;Response [200]&gt;</msg>
                        <status status="PASS" starttime="20210716 17:58:50.802"
                                endtime="20210716 17:58:50.880"></status>
                    </kw>
                    <kw name="Close Workbook" library="ExcellentLibrary">
                        <doc>Closes the workbook identified by the supplied alias.</doc>
                        <arguments>
                            <arg>F:\\token.xlsx</arg>
                        </arguments>
                        <status status="PASS" starttime="20210716 17:58:50.880"
                                endtime="20210716 17:58:50.880"></status>
                    </kw>
                    <kw name="Log" library="BuiltIn">
                        <doc>Logs the given message with the given level.</doc>
                        <arguments>
                            <arg>${resp.status_code}</arg>
                        </arguments>
                        <msg timestamp="20210716 17:58:50.880" level="INFO">200</msg>
                        <status status="PASS" starttime="20210716 17:58:50.880"
                                endtime="20210716 17:58:50.880"></status>
                    </kw>
                    <kw name="Log" library="BuiltIn">
                        <doc>Logs the given message with the given level.</doc>
                        <arguments>
                            <arg>${resp.text}</arg>
                        </arguments>
                        <msg timestamp="20210716 17:58:50.885" level="INFO">{"code":200,"message":"request
                            successful","data":{"pageSize":10,"totalRows":1,"totalPages":1,"currentPage":0,"resultList":[{"itemsListId":46,"itemName":"民办非企业单位修改章程核准","basicCode":"140111002000","implementCode":"0000000014080279004140111002000","itemVersion":"1.4","bussinessHandleCode":"1000045","itemTypeCode":"01","itemTypeName":"行政许可","itemSpoken":"民办非修改章程","exerciseLevelCode":"2","exerciseLevelName":"省级/直属","implementSubject":"大同市政府","officeType":"2","officeTypeDesc":"承诺件","approvalResultName":"1.关于运城市盐湖区章程核准的批复","statutoryDeadlineDesc":"法定办结时限说明","commitmentDeadlineDesc":"承诺办结时限说明","handleMode":"1","visitsNumber":"1","serviceObjectCode":"1","serviceObjectCodeDesc":"自然人","themeId":1,"themeName":"生育收养","departmentId":1,"departmentName":"大同市政府","flowPrototypeId":"FLOW_202011051627179166","consultionMethod":"电话","supervisionComplaintMethod":"电话","handleWindows":"法人综合窗口","windowsAddress":"大同市政府","acceptConditions":"申请章程修改及核准的民办非企业单位","isCharge":"否","implementationListName":null}]}}
                        </msg>
                        <status status="PASS" starttime="20210716 17:58:50.880"
                                endtime="20210716 17:58:50.886"></status>
                    </kw>
                    <kw name="Should Be Equal As Strings" library="BuiltIn">
                        <doc>Fails if objects are unequal after converting them to strings.</doc>
                        <arguments>
                            <arg>${resp.status_code}</arg>
                            <arg>200</arg>
                        </arguments>
                        <msg timestamp="20210716 17:58:50.886" level="INFO">Argument types are:
                            &lt;class 'int'&gt;
                            &lt;type 'unicode'&gt;
                        </msg>
                        <status status="PASS" starttime="20210716 17:58:50.886"
                                endtime="20210716 17:58:50.886"></status>
                    </kw>
                    <kw name="Should Be Equal As Strings" library="BuiltIn">
                        <doc>Fails if objects are unequal after converting them to strings.</doc>
                        <arguments>
                            <arg>${resp.json()['message']}</arg>
                            <arg>request successful</arg>
                        </arguments>
                        <status status="PASS" starttime="20210716 17:58:50.886"
                                endtime="20210716 17:58:50.886"></status>
                    </kw>
                    <status status="PASS" starttime="20210716 17:58:50.781" endtime="20210716 17:58:50.886"></status>
                </kw>
                <kw name="${themeCode} = 010" type="foritem">
                    <kw name="Open Workbook" library="ExcellentLibrary">
                        <doc>Opens the workbook found at the given file path.
                            _NOTE_: Please note that at present _XLS_ files are not supported.
                        </doc>
                        <arguments>
                            <arg>F:\\token.xlsx</arg>
                        </arguments>
                        <status status="PASS" starttime="20210716 17:58:50.886"
                                endtime="20210716 17:58:50.897"></status>
                    </kw>
                    <kw name="Read From Cell" library="ExcellentLibrary">
                        <doc>Reads the data from the cell identified by the given locator.</doc>
                        <arguments>
                            <arg>B4</arg>
                        </arguments>
                        <assign>
                            <var>${token}</var>
                        </assign>
                        <msg timestamp="20210716 17:58:50.897" level="INFO">${token} =
                            +sBlpjqSfOpYVqT1EKHEyWkJrmf26BTc6gZJZMFOBDQbfaFVttG5lihzcV8UYRyz
                        </msg>
                        <status status="PASS" starttime="20210716 17:58:50.897"
                                endtime="20210716 17:58:50.897"></status>
                    </kw>
                    <kw name="Create Dictionary" library="BuiltIn">
                        <doc>Creates and returns a dictionary based on the given ``items``.</doc>
                        <arguments>
                            <arg>token=${token}</arg>
                        </arguments>
                        <assign>
                            <var>${headers}</var>
                        </assign>
                        <msg timestamp="20210716 17:58:50.898" level="INFO">${headers} = {'token':
                            '+sBlpjqSfOpYVqT1EKHEyWkJrmf26BTc6gZJZMFOBDQbfaFVttG5lihzcV8UYRyz'}
                        </msg>
                        <status status="PASS" starttime="20210716 17:58:50.898"
                                endtime="20210716 17:58:50.898"></status>
                    </kw>
                    <kw name="Create Session" library="RequestsLibrary">
                        <doc>Create Session: create a HTTP session to a server</doc>
                        <arguments>
                            <arg>itemlist</arg>
                            <arg>http://${server}</arg>
                            <arg>${headers}</arg>
                        </arguments>
                        <msg timestamp="20210716 17:58:50.898" level="INFO">Creating Session using : alias=itemlist,
                            url=http://121.30.189.198:5200, headers={'token':
                            '+sBlpjqSfOpYVqT1EKHEyWkJrmf26BTc6gZJZMFOBDQbfaFVttG5lihzcV8UYRyz'}, cookies={}, auth=None,
                            timeout=None, proxies=None, verify=False, debug=0
                        </msg>
                        <status status="PASS" starttime="20210716 17:58:50.898"
                                endtime="20210716 17:58:50.898"></status>
                    </kw>
                    <kw name="Create Dictionary" library="BuiltIn">
                        <doc>Creates and returns a dictionary based on the given ``items``.</doc>
                        <arguments>
                            <arg>pageNo=0</arg>
                            <arg>departmentId=0</arg>
                            <arg>themeType=1</arg>
                            <arg>pageSize=10</arg>
                            <arg>itemName=</arg>
                            <arg>themeCode=${themeCode}</arg>
                            <arg>itemTypeCode=</arg>
                        </arguments>
                        <assign>
                            <var>${data}</var>
                        </assign>
                        <msg timestamp="20210716 17:58:50.899" level="INFO">${data} = {'pageNo': '0', 'departmentId':
                            '0', 'themeType': '1', 'pageSize': '10', 'itemName': '', 'themeCode': '010', 'itemTypeCode':
                            ''}
                        </msg>
                        <status status="PASS" starttime="20210716 17:58:50.898"
                                endtime="20210716 17:58:50.899"></status>
                    </kw>
                    <kw name="Post On Session" library="RequestsLibrary">
                        <doc>Sends a POST request on a previously created HTTP Session.</doc>
                        <arguments>
                            <arg>itemlist</arg>
                            <arg>approval-project/itemsList/example/0/10</arg>
                            <arg>${data}</arg>
                        </arguments>
                        <assign>
                            <var>${resp}</var>
                        </assign>
                        <msg timestamp="20210716 17:58:50.956" level="INFO">POST Request :
                            url=http://121.30.189.198:5200/approval-project/itemsList/example/0/10
                            path_url=/approval-project/itemsList/example/0/10
                            headers={'User-Agent': 'python-requests/2.22.0', 'Accept-Encoding': 'gzip, deflate',
                            'Accept': '*/*', 'Connection': 'keep-alive', 'token':
                            '+sBlpjqSfOpYVqT1EKHEyWkJrmf26BTc6gZJZMFOBDQbfaFVttG5lihzcV8UYRyz', 'Content-Length': '85',
                            'Content-Type': 'application/x-www-form-urlencoded'}
                            body=pageNo=0&amp;departmentId=0&amp;themeType=1&amp;pageSize=10&amp;itemName=&amp;themeCode=010&amp;itemTypeCode=
                        </msg>
                        <msg timestamp="20210716 17:58:50.961" level="INFO">POST Response :
                            url=http://121.30.189.198:5200/approval-project/itemsList/example/0/10
                            status=200, reason=
                            headers={'Server': 'nginx/1.15.2', 'Date': 'Fri, 16 Jul 2021 09:58:50 GMT', 'Content-Type':
                            'application/json', 'Transfer-Encoding': 'chunked', 'Connection': 'keep-alive'}
                            body={"code":200,"message":"request
                            successful","data":{"pageSize":10,"totalRows":1,"totalPages":1,"currentPage":0,"resultList":[{"itemsListId":45,"itemName":"民办非企业单位注销登记","basicCode":"140111005000","implementCode":"0000000014080279004140111005000","itemVersion":"1.2","bussinessHandleCode":"1000023","itemTypeCode":"01","itemTypeName":"行政许可","itemSpoken":"民办非注销","exerciseLevelCode":"2","exerciseLevelName":"省级/直属","implementSubject":"大同市政府","officeType":"2","officeTypeDesc":"承诺件","approvalResultName":"1.注销通知书","statutoryDeadlineDesc":"法定办结时限说明","commitmentDeadlineDesc":"承诺办结时限说明","handleMode":"1","visitsNumber":"1","serviceObjectCode":"1","serviceObjectCodeDesc":"自然人","themeId":2,"themeName":"户籍咨询","departmentId":1,"departmentName":"大同市政府","flowPrototypeId":"FLOW_202011051627179166","consultionMethod":"电话","supervisionComplaintMethod":"电话","handleWindows":"法人综合窗口","windowsAddress":"大同市政府","acceptConditions":"适应于本辖区的业务办理","isCharge":"否","implementationListName":null}]}}
                        </msg>
                        <msg timestamp="20210716 17:58:50.961" level="INFO">${resp} = &lt;Response [200]&gt;</msg>
                        <status status="PASS" starttime="20210716 17:58:50.899"
                                endtime="20210716 17:58:50.961"></status>
                    </kw>
                    <kw name="Close Workbook" library="ExcellentLibrary">
                        <doc>Closes the workbook identified by the supplied alias.</doc>
                        <arguments>
                            <arg>F:\\token.xlsx</arg>
                        </arguments>
                        <status status="PASS" starttime="20210716 17:58:50.961"
                                endtime="20210716 17:58:50.961"></status>
                    </kw>
                    <kw name="Log" library="BuiltIn">
                        <doc>Logs the given message with the given level.</doc>
                        <arguments>
                            <arg>${resp.status_code}</arg>
                        </arguments>
                        <msg timestamp="20210716 17:58:50.961" level="INFO">200</msg>
                        <status status="PASS" starttime="20210716 17:58:50.961"
                                endtime="20210716 17:58:50.961"></status>
                    </kw>
                    <kw name="Log" library="BuiltIn">
                        <doc>Logs the given message with the given level.</doc>
                        <arguments>
                            <arg>${resp.text}</arg>
                        </arguments>
                        <msg timestamp="20210716 17:58:50.966" level="INFO">{"code":200,"message":"request
                            successful","data":{"pageSize":10,"totalRows":1,"totalPages":1,"currentPage":0,"resultList":[{"itemsListId":45,"itemName":"民办非企业单位注销登记","basicCode":"140111005000","implementCode":"0000000014080279004140111005000","itemVersion":"1.2","bussinessHandleCode":"1000023","itemTypeCode":"01","itemTypeName":"行政许可","itemSpoken":"民办非注销","exerciseLevelCode":"2","exerciseLevelName":"省级/直属","implementSubject":"大同市政府","officeType":"2","officeTypeDesc":"承诺件","approvalResultName":"1.注销通知书","statutoryDeadlineDesc":"法定办结时限说明","commitmentDeadlineDesc":"承诺办结时限说明","handleMode":"1","visitsNumber":"1","serviceObjectCode":"1","serviceObjectCodeDesc":"自然人","themeId":2,"themeName":"户籍咨询","departmentId":1,"departmentName":"大同市政府","flowPrototypeId":"FLOW_202011051627179166","consultionMethod":"电话","supervisionComplaintMethod":"电话","handleWindows":"法人综合窗口","windowsAddress":"大同市政府","acceptConditions":"适应于本辖区的业务办理","isCharge":"否","implementationListName":null}]}}
                        </msg>
                        <status status="PASS" starttime="20210716 17:58:50.961"
                                endtime="20210716 17:58:50.966"></status>
                    </kw>
                    <kw name="Should Be Equal As Strings" library="BuiltIn">
                        <doc>Fails if objects are unequal after converting them to strings.</doc>
                        <arguments>
                            <arg>${resp.status_code}</arg>
                            <arg>200</arg>
                        </arguments>
                        <msg timestamp="20210716 17:58:50.966" level="INFO">Argument types are:
                            &lt;class 'int'&gt;
                            &lt;type 'unicode'&gt;
                        </msg>
                        <status status="PASS" starttime="20210716 17:58:50.966"
                                endtime="20210716 17:58:50.966"></status>
                    </kw>
                    <kw name="Should Be Equal As Strings" library="BuiltIn">
                        <doc>Fails if objects are unequal after converting them to strings.</doc>
                        <arguments>
                            <arg>${resp.json()['message']}</arg>
                            <arg>request successful</arg>
                        </arguments>
                        <status status="PASS" starttime="20210716 17:58:50.967"
                                endtime="20210716 17:58:50.967"></status>
                    </kw>
                    <status status="PASS" starttime="20210716 17:58:50.886" endtime="20210716 17:58:50.967"></status>
                </kw>
                <kw name="${themeCode} = 015" type="foritem">
                    <kw name="Open Workbook" library="ExcellentLibrary">
                        <doc>Opens the workbook found at the given file path.
                            _NOTE_: Please note that at present _XLS_ files are not supported.
                        </doc>
                        <arguments>
                            <arg>F:\\token.xlsx</arg>
                        </arguments>
                        <status status="PASS" starttime="20210716 17:58:50.967"
                                endtime="20210716 17:58:50.978"></status>
                    </kw>
                    <kw name="Read From Cell" library="ExcellentLibrary">
                        <doc>Reads the data from the cell identified by the given locator.</doc>
                        <arguments>
                            <arg>B4</arg>
                        </arguments>
                        <assign>
                            <var>${token}</var>
                        </assign>
                        <msg timestamp="20210716 17:58:50.978" level="INFO">${token} =
                            +sBlpjqSfOpYVqT1EKHEyWkJrmf26BTc6gZJZMFOBDQbfaFVttG5lihzcV8UYRyz
                        </msg>
                        <status status="PASS" starttime="20210716 17:58:50.978"
                                endtime="20210716 17:58:50.978"></status>
                    </kw>
                    <kw name="Create Dictionary" library="BuiltIn">
                        <doc>Creates and returns a dictionary based on the given ``items``.</doc>
                        <arguments>
                            <arg>token=${token}</arg>
                        </arguments>
                        <assign>
                            <var>${headers}</var>
                        </assign>
                        <msg timestamp="20210716 17:58:50.979" level="INFO">${headers} = {'token':
                            '+sBlpjqSfOpYVqT1EKHEyWkJrmf26BTc6gZJZMFOBDQbfaFVttG5lihzcV8UYRyz'}
                        </msg>
                        <status status="PASS" starttime="20210716 17:58:50.978"
                                endtime="20210716 17:58:50.979"></status>
                    </kw>
                    <kw name="Create Session" library="RequestsLibrary">
                        <doc>Create Session: create a HTTP session to a server</doc>
                        <arguments>
                            <arg>itemlist</arg>
                            <arg>http://${server}</arg>
                            <arg>${headers}</arg>
                        </arguments>
                        <msg timestamp="20210716 17:58:50.979" level="INFO">Creating Session using : alias=itemlist,
                            url=http://121.30.189.198:5200, headers={'token':
                            '+sBlpjqSfOpYVqT1EKHEyWkJrmf26BTc6gZJZMFOBDQbfaFVttG5lihzcV8UYRyz'}, cookies={}, auth=None,
                            timeout=None, proxies=None, verify=False, debug=0
                        </msg>
                        <status status="PASS" starttime="20210716 17:58:50.979"
                                endtime="20210716 17:58:50.979"></status>
                    </kw>
                    <kw name="Create Dictionary" library="BuiltIn">
                        <doc>Creates and returns a dictionary based on the given ``items``.</doc>
                        <arguments>
                            <arg>pageNo=0</arg>
                            <arg>departmentId=0</arg>
                            <arg>themeType=1</arg>
                            <arg>pageSize=10</arg>
                            <arg>itemName=</arg>
                            <arg>themeCode=${themeCode}</arg>
                            <arg>itemTypeCode=</arg>
                        </arguments>
                        <assign>
                            <var>${data}</var>
                        </assign>
                        <msg timestamp="20210716 17:58:50.979" level="INFO">${data} = {'pageNo': '0', 'departmentId':
                            '0', 'themeType': '1', 'pageSize': '10', 'itemName': '', 'themeCode': '015', 'itemTypeCode':
                            ''}
                        </msg>
                        <status status="PASS" starttime="20210716 17:58:50.979"
                                endtime="20210716 17:58:50.980"></status>
                    </kw>
                    <kw name="Post On Session" library="RequestsLibrary">
                        <doc>Sends a POST request on a previously created HTTP Session.</doc>
                        <arguments>
                            <arg>itemlist</arg>
                            <arg>approval-project/itemsList/example/0/10</arg>
                            <arg>${data}</arg>
                        </arguments>
                        <assign>
                            <var>${resp}</var>
                        </assign>
                        <msg timestamp="20210716 17:58:51.043" level="INFO">POST Request :
                            url=http://121.30.189.198:5200/approval-project/itemsList/example/0/10
                            path_url=/approval-project/itemsList/example/0/10
                            headers={'User-Agent': 'python-requests/2.22.0', 'Accept-Encoding': 'gzip, deflate',
                            'Accept': '*/*', 'Connection': 'keep-alive', 'token':
                            '+sBlpjqSfOpYVqT1EKHEyWkJrmf26BTc6gZJZMFOBDQbfaFVttG5lihzcV8UYRyz', 'Content-Length': '85',
                            'Content-Type': 'application/x-www-form-urlencoded'}
                            body=pageNo=0&amp;departmentId=0&amp;themeType=1&amp;pageSize=10&amp;itemName=&amp;themeCode=015&amp;itemTypeCode=
                        </msg>
                        <msg timestamp="20210716 17:58:51.064" level="INFO">POST Response :
                            url=http://121.30.189.198:5200/approval-project/itemsList/example/0/10
                            status=200, reason=
                            headers={'Server': 'nginx/1.15.2', 'Date': 'Fri, 16 Jul 2021 09:58:50 GMT', 'Content-Type':
                            'application/json', 'Transfer-Encoding': 'chunked', 'Connection': 'keep-alive'}
                            body={"code":200,"message":"request
                            successful","data":{"pageSize":10,"totalRows":1,"totalPages":1,"currentPage":0,"resultList":[{"itemsListId":47,"itemName":"民办职业培训学校办学资格认定","basicCode":"140114002000","implementCode":"0000000014080279004140114002000","itemVersion":"1.2","bussinessHandleCode":"100052","itemTypeCode":"01","itemTypeName":"行政许可","itemSpoken":"办职业学校、办培训学校","exerciseLevelCode":"2","exerciseLevelName":"省级/直属","implementSubject":"大同市政府","officeType":"2","officeTypeDesc":"承诺件","approvalResultName":"","statutoryDeadlineDesc":"法定办结时限说明","commitmentDeadlineDesc":"承诺办结时限说明\n","handleMode":"1","visitsNumber":"1","serviceObjectCode":"1","serviceObjectCodeDesc":"自然人","themeId":3,"themeName":"民族宗教","departmentId":1,"departmentName":"大同市政府","flowPrototypeId":"FLOW_202011051627179166","consultionMethod":"电话","supervisionComplaintMethod":"电话","handleWindows":"法人综合窗口","windowsAddress":"大同市政府","acceptConditions":"非营业情况下：先去民政局办理核名通知书。\n营业情况下：拿着市场监督管理局出具的营业执照办理业务。","isCharge":"否","implementationListName":null}]}}
                        </msg>
                        <msg timestamp="20210716 17:58:51.064" level="INFO">${resp} = &lt;Response [200]&gt;</msg>
                        <status status="PASS" starttime="20210716 17:58:50.980"
                                endtime="20210716 17:58:51.064"></status>
                    </kw>
                    <kw name="Close Workbook" library="ExcellentLibrary">
                        <doc>Closes the workbook identified by the supplied alias.</doc>
                        <arguments>
                            <arg>F:\\token.xlsx</arg>
                        </arguments>
                        <status status="PASS" starttime="20210716 17:58:51.064"
                                endtime="20210716 17:58:51.064"></status>
                    </kw>
                    <kw name="Log" library="BuiltIn">
                        <doc>Logs the given message with the given level.</doc>
                        <arguments>
                            <arg>${resp.status_code}</arg>
                        </arguments>
                        <msg timestamp="20210716 17:58:51.064" level="INFO">200</msg>
                        <status status="PASS" starttime="20210716 17:58:51.064"
                                endtime="20210716 17:58:51.064"></status>
                    </kw>
                    <kw name="Log" library="BuiltIn">
                        <doc>Logs the given message with the given level.</doc>
                        <arguments>
                            <arg>${resp.text}</arg>
                        </arguments>
                        <msg timestamp="20210716 17:58:51.070" level="INFO">{"code":200,"message":"request
                            successful","data":{"pageSize":10,"totalRows":1,"totalPages":1,"currentPage":0,"resultList":[{"itemsListId":47,"itemName":"民办职业培训学校办学资格认定","basicCode":"140114002000","implementCode":"0000000014080279004140114002000","itemVersion":"1.2","bussinessHandleCode":"100052","itemTypeCode":"01","itemTypeName":"行政许可","itemSpoken":"办职业学校、办培训学校","exerciseLevelCode":"2","exerciseLevelName":"省级/直属","implementSubject":"大同市政府","officeType":"2","officeTypeDesc":"承诺件","approvalResultName":"","statutoryDeadlineDesc":"法定办结时限说明","commitmentDeadlineDesc":"承诺办结时限说明\n","handleMode":"1","visitsNumber":"1","serviceObjectCode":"1","serviceObjectCodeDesc":"自然人","themeId":3,"themeName":"民族宗教","departmentId":1,"departmentName":"大同市政府","flowPrototypeId":"FLOW_202011051627179166","consultionMethod":"电话","supervisionComplaintMethod":"电话","handleWindows":"法人综合窗口","windowsAddress":"大同市政府","acceptConditions":"非营业情况下：先去民政局办理核名通知书。\n营业情况下：拿着市场监督管理局出具的营业执照办理业务。","isCharge":"否","implementationListName":null}]}}
                        </msg>
                        <status status="PASS" starttime="20210716 17:58:51.065"
                                endtime="20210716 17:58:51.070"></status>
                    </kw>
                    <kw name="Should Be Equal As Strings" library="BuiltIn">
                        <doc>Fails if objects are unequal after converting them to strings.</doc>
                        <arguments>
                            <arg>${resp.status_code}</arg>
                            <arg>200</arg>
                        </arguments>
                        <msg timestamp="20210716 17:58:51.070" level="INFO">Argument types are:
                            &lt;class 'int'&gt;
                            &lt;type 'unicode'&gt;
                        </msg>
                        <status status="PASS" starttime="20210716 17:58:51.070"
                                endtime="20210716 17:58:51.071"></status>
                    </kw>
                    <kw name="Should Be Equal As Strings" library="BuiltIn">
                        <doc>Fails if objects are unequal after converting them to strings.</doc>
                        <arguments>
                            <arg>${resp.json()['message']}</arg>
                            <arg>request successful</arg>
                        </arguments>
                        <status status="PASS" starttime="20210716 17:58:51.071"
                                endtime="20210716 17:58:51.071"></status>
                    </kw>
                    <status status="PASS" starttime="20210716 17:58:50.967" endtime="20210716 17:58:51.071"></status>
                </kw>
                <kw name="${themeCode} = 020" type="foritem">
                    <kw name="Open Workbook" library="ExcellentLibrary">
                        <doc>Opens the workbook found at the given file path.
                            _NOTE_: Please note that at present _XLS_ files are not supported.
                        </doc>
                        <arguments>
                            <arg>F:\\token.xlsx</arg>
                        </arguments>
                        <status status="PASS" starttime="20210716 17:58:51.071"
                                endtime="20210716 17:58:51.083"></status>
                    </kw>
                    <kw name="Read From Cell" library="ExcellentLibrary">
                        <doc>Reads the data from the cell identified by the given locator.</doc>
                        <arguments>
                            <arg>B4</arg>
                        </arguments>
                        <assign>
                            <var>${token}</var>
                        </assign>
                        <msg timestamp="20210716 17:58:51.083" level="INFO">${token} =
                            +sBlpjqSfOpYVqT1EKHEyWkJrmf26BTc6gZJZMFOBDQbfaFVttG5lihzcV8UYRyz
                        </msg>
                        <status status="PASS" starttime="20210716 17:58:51.083"
                                endtime="20210716 17:58:51.083"></status>
                    </kw>
                    <kw name="Create Dictionary" library="BuiltIn">
                        <doc>Creates and returns a dictionary based on the given ``items``.</doc>
                        <arguments>
                            <arg>token=${token}</arg>
                        </arguments>
                        <assign>
                            <var>${headers}</var>
                        </assign>
                        <msg timestamp="20210716 17:58:51.083" level="INFO">${headers} = {'token':
                            '+sBlpjqSfOpYVqT1EKHEyWkJrmf26BTc6gZJZMFOBDQbfaFVttG5lihzcV8UYRyz'}
                        </msg>
                        <status status="PASS" starttime="20210716 17:58:51.083"
                                endtime="20210716 17:58:51.083"></status>
                    </kw>
                    <kw name="Create Session" library="RequestsLibrary">
                        <doc>Create Session: create a HTTP session to a server</doc>
                        <arguments>
                            <arg>itemlist</arg>
                            <arg>http://${server}</arg>
                            <arg>${headers}</arg>
                        </arguments>
                        <msg timestamp="20210716 17:58:51.084" level="INFO">Creating Session using : alias=itemlist,
                            url=http://121.30.189.198:5200, headers={'token':
                            '+sBlpjqSfOpYVqT1EKHEyWkJrmf26BTc6gZJZMFOBDQbfaFVttG5lihzcV8UYRyz'}, cookies={}, auth=None,
                            timeout=None, proxies=None, verify=False, debug=0
                        </msg>
                        <status status="PASS" starttime="20210716 17:58:51.084"
                                endtime="20210716 17:58:51.084"></status>
                    </kw>
                    <kw name="Create Dictionary" library="BuiltIn">
                        <doc>Creates and returns a dictionary based on the given ``items``.</doc>
                        <arguments>
                            <arg>pageNo=0</arg>
                            <arg>departmentId=0</arg>
                            <arg>themeType=1</arg>
                            <arg>pageSize=10</arg>
                            <arg>itemName=</arg>
                            <arg>themeCode=${themeCode}</arg>
                            <arg>itemTypeCode=</arg>
                        </arguments>
                        <assign>
                            <var>${data}</var>
                        </assign>
                        <msg timestamp="20210716 17:58:51.084" level="INFO">${data} = {'pageNo': '0', 'departmentId':
                            '0', 'themeType': '1', 'pageSize': '10', 'itemName': '', 'themeCode': '020', 'itemTypeCode':
                            ''}
                        </msg>
                        <status status="PASS" starttime="20210716 17:58:51.084"
                                endtime="20210716 17:58:51.084"></status>
                    </kw>
                    <kw name="Post On Session" library="RequestsLibrary">
                        <doc>Sends a POST request on a previously created HTTP Session.</doc>
                        <arguments>
                            <arg>itemlist</arg>
                            <arg>approval-project/itemsList/example/0/10</arg>
                            <arg>${data}</arg>
                        </arguments>
                        <assign>
                            <var>${resp}</var>
                        </assign>
                        <msg timestamp="20210716 17:58:51.106" level="INFO">POST Request :
                            url=http://121.30.189.198:5200/approval-project/itemsList/example/0/10
                            path_url=/approval-project/itemsList/example/0/10
                            headers={'User-Agent': 'python-requests/2.22.0', 'Accept-Encoding': 'gzip, deflate',
                            'Accept': '*/*', 'Connection': 'keep-alive', 'token':
                            '+sBlpjqSfOpYVqT1EKHEyWkJrmf26BTc6gZJZMFOBDQbfaFVttG5lihzcV8UYRyz', 'Content-Length': '85',
                            'Content-Type': 'application/x-www-form-urlencoded'}
                            body=pageNo=0&amp;departmentId=0&amp;themeType=1&amp;pageSize=10&amp;itemName=&amp;themeCode=020&amp;itemTypeCode=
                        </msg>
                        <msg timestamp="20210716 17:58:51.107" level="INFO">POST Response :
                            url=http://121.30.189.198:5200/approval-project/itemsList/example/0/10
                            status=200, reason=
                            headers={'Server': 'nginx/1.15.2', 'Date': 'Fri, 16 Jul 2021 09:58:50 GMT', 'Content-Type':
                            'application/json', 'Transfer-Encoding': 'chunked', 'Connection': 'keep-alive'}
                            body={"code":200,"message":"request
                            successful","data":{"pageSize":10,"totalRows":0,"totalPages":0,"currentPage":0,"resultList":[]}}
                        </msg>
                        <msg timestamp="20210716 17:58:51.107" level="INFO">${resp} = &lt;Response [200]&gt;</msg>
                        <status status="PASS" starttime="20210716 17:58:51.085"
                                endtime="20210716 17:58:51.107"></status>
                    </kw>
                    <kw name="Close Workbook" library="ExcellentLibrary">
                        <doc>Closes the workbook identified by the supplied alias.</doc>
                        <arguments>
                            <arg>F:\\token.xlsx</arg>
                        </arguments>
                        <status status="PASS" starttime="20210716 17:58:51.107"
                                endtime="20210716 17:58:51.107"></status>
                    </kw>
                    <kw name="Log" library="BuiltIn">
                        <doc>Logs the given message with the given level.</doc>
                        <arguments>
                            <arg>${resp.status_code}</arg>
                        </arguments>
                        <msg timestamp="20210716 17:58:51.107" level="INFO">200</msg>
                        <status status="PASS" starttime="20210716 17:58:51.107"
                                endtime="20210716 17:58:51.107"></status>
                    </kw>
                    <kw name="Log" library="BuiltIn">
                        <doc>Logs the given message with the given level.</doc>
                        <arguments>
                            <arg>${resp.text}</arg>
                        </arguments>
                        <msg timestamp="20210716 17:58:51.108" level="INFO">{"code":200,"message":"request
                            successful","data":{"pageSize":10,"totalRows":0,"totalPages":0,"currentPage":0,"resultList":[]}}
                        </msg>
                        <status status="PASS" starttime="20210716 17:58:51.107"
                                endtime="20210716 17:58:51.108"></status>
                    </kw>
                    <kw name="Should Be Equal As Strings" library="BuiltIn">
                        <doc>Fails if objects are unequal after converting them to strings.</doc>
                        <arguments>
                            <arg>${resp.status_code}</arg>
                            <arg>200</arg>
                        </arguments>
                        <msg timestamp="20210716 17:58:51.108" level="INFO">Argument types are:
                            &lt;class 'int'&gt;
                            &lt;type 'unicode'&gt;
                        </msg>
                        <status status="PASS" starttime="20210716 17:58:51.108"
                                endtime="20210716 17:58:51.108"></status>
                    </kw>
                    <kw name="Should Be Equal As Strings" library="BuiltIn">
                        <doc>Fails if objects are unequal after converting them to strings.</doc>
                        <arguments>
                            <arg>${resp.json()['message']}</arg>
                            <arg>request successful</arg>
                        </arguments>
                        <status status="PASS" starttime="20210716 17:58:51.108"
                                endtime="20210716 17:58:51.108"></status>
                    </kw>
                    <status status="PASS" starttime="20210716 17:58:51.071" endtime="20210716 17:58:51.108"></status>
                </kw>
                <kw name="${themeCode} = 025" type="foritem">
                    <kw name="Open Workbook" library="ExcellentLibrary">
                        <doc>Opens the workbook found at the given file path.
                            _NOTE_: Please note that at present _XLS_ files are not supported.
                        </doc>
                        <arguments>
                            <arg>F:\\token.xlsx</arg>
                        </arguments>
                        <status status="PASS" starttime="20210716 17:58:51.109"
                                endtime="20210716 17:58:51.119"></status>
                    </kw>
                    <kw name="Read From Cell" library="ExcellentLibrary">
                        <doc>Reads the data from the cell identified by the given locator.</doc>
                        <arguments>
                            <arg>B4</arg>
                        </arguments>
                        <assign>
                            <var>${token}</var>
                        </assign>
                        <msg timestamp="20210716 17:58:51.120" level="INFO">${token} =
                            +sBlpjqSfOpYVqT1EKHEyWkJrmf26BTc6gZJZMFOBDQbfaFVttG5lihzcV8UYRyz
                        </msg>
                        <status status="PASS" starttime="20210716 17:58:51.119"
                                endtime="20210716 17:58:51.120"></status>
                    </kw>
                    <kw name="Create Dictionary" library="BuiltIn">
                        <doc>Creates and returns a dictionary based on the given ``items``.</doc>
                        <arguments>
                            <arg>token=${token}</arg>
                        </arguments>
                        <assign>
                            <var>${headers}</var>
                        </assign>
                        <msg timestamp="20210716 17:58:51.120" level="INFO">${headers} = {'token':
                            '+sBlpjqSfOpYVqT1EKHEyWkJrmf26BTc6gZJZMFOBDQbfaFVttG5lihzcV8UYRyz'}
                        </msg>
                        <status status="PASS" starttime="20210716 17:58:51.120"
                                endtime="20210716 17:58:51.120"></status>
                    </kw>
                    <kw name="Create Session" library="RequestsLibrary">
                        <doc>Create Session: create a HTTP session to a server</doc>
                        <arguments>
                            <arg>itemlist</arg>
                            <arg>http://${server}</arg>
                            <arg>${headers}</arg>
                        </arguments>
                        <msg timestamp="20210716 17:58:51.120" level="INFO">Creating Session using : alias=itemlist,
                            url=http://121.30.189.198:5200, headers={'token':
                            '+sBlpjqSfOpYVqT1EKHEyWkJrmf26BTc6gZJZMFOBDQbfaFVttG5lihzcV8UYRyz'}, cookies={}, auth=None,
                            timeout=None, proxies=None, verify=False, debug=0
                        </msg>
                        <status status="PASS" starttime="20210716 17:58:51.120"
                                endtime="20210716 17:58:51.120"></status>
                    </kw>
                    <kw name="Create Dictionary" library="BuiltIn">
                        <doc>Creates and returns a dictionary based on the given ``items``.</doc>
                        <arguments>
                            <arg>pageNo=0</arg>
                            <arg>departmentId=0</arg>
                            <arg>themeType=1</arg>
                            <arg>pageSize=10</arg>
                            <arg>itemName=</arg>
                            <arg>themeCode=${themeCode}</arg>
                            <arg>itemTypeCode=</arg>
                        </arguments>
                        <assign>
                            <var>${data}</var>
                        </assign>
                        <msg timestamp="20210716 17:58:51.121" level="INFO">${data} = {'pageNo': '0', 'departmentId':
                            '0', 'themeType': '1', 'pageSize': '10', 'itemName': '', 'themeCode': '025', 'itemTypeCode':
                            ''}
                        </msg>
                        <status status="PASS" starttime="20210716 17:58:51.121"
                                endtime="20210716 17:58:51.121"></status>
                    </kw>
                    <kw name="Post On Session" library="RequestsLibrary">
                        <doc>Sends a POST request on a previously created HTTP Session.</doc>
                        <arguments>
                            <arg>itemlist</arg>
                            <arg>approval-project/itemsList/example/0/10</arg>
                            <arg>${data}</arg>
                        </arguments>
                        <assign>
                            <var>${resp}</var>
                        </assign>
                        <msg timestamp="20210716 17:58:51.178" level="INFO">POST Request :
                            url=http://121.30.189.198:5200/approval-project/itemsList/example/0/10
                            path_url=/approval-project/itemsList/example/0/10
                            headers={'User-Agent': 'python-requests/2.22.0', 'Accept-Encoding': 'gzip, deflate',
                            'Accept': '*/*', 'Connection': 'keep-alive', 'token':
                            '+sBlpjqSfOpYVqT1EKHEyWkJrmf26BTc6gZJZMFOBDQbfaFVttG5lihzcV8UYRyz', 'Content-Length': '85',
                            'Content-Type': 'application/x-www-form-urlencoded'}
                            body=pageNo=0&amp;departmentId=0&amp;themeType=1&amp;pageSize=10&amp;itemName=&amp;themeCode=025&amp;itemTypeCode=
                        </msg>
                        <msg timestamp="20210716 17:58:51.191" level="INFO">POST Response :
                            url=http://121.30.189.198:5200/approval-project/itemsList/example/0/10
                            status=200, reason=
                            headers={'Server': 'nginx/1.15.2', 'Date': 'Fri, 16 Jul 2021 09:58:50 GMT', 'Content-Type':
                            'application/json', 'Transfer-Encoding': 'chunked', 'Connection': 'keep-alive'}
                            body={"code":200,"message":"request
[...]
                    <arg>F:\\token.xlsx</arg>
                </arguments>
                <status status="PASS" starttime="20210716 17:58:55.469" endtime="20210716 17:58:55.469"></status>
            </kw>
            <kw name="Log" library="BuiltIn">
                <doc>Logs the given message with the given level.</doc>
                <arguments>
                    <arg>${resp.status_code}</arg>
                </arguments>
                <msg timestamp="20210716 17:58:55.469" level="INFO">200</msg>
                <status status="PASS" starttime="20210716 17:58:55.469" endtime="20210716 17:58:55.469"></status>
            </kw>
            <kw name="Log" library="BuiltIn">
                <doc>Logs the given message with the given level.</doc>
                <arguments>
                    <arg>${resp.text}</arg>
                </arguments>
                <msg timestamp="20210716 17:58:55.469" level="INFO">{"code":200,"message":"request
                    successful","data":[]}
                </msg>
                <status status="PASS" starttime="20210716 17:58:55.469" endtime="20210716 17:58:55.469"></status>
            </kw>
            <kw name="Should Be Equal As Strings" library="BuiltIn">
                <doc>Fails if objects are unequal after converting them to strings.</doc>
                <arguments>
                    <arg>${resp.status_code}</arg>
                    <arg>200</arg>
                </arguments>
                <msg timestamp="20210716 17:58:55.470" level="INFO">Argument types are:
                    &lt;class 'int'&gt;
                    &lt;type 'unicode'&gt;
                </msg>
                <status status="PASS" starttime="20210716 17:58:55.470" endtime="20210716 17:58:55.470"></status>
            </kw>
            <kw name="Should Be Equal As Strings" library="BuiltIn">
                <doc>Fails if objects are unequal after converting them to strings.</doc>
                <arguments>
                    <arg>${resp.json()['message']}</arg>
                    <arg>request successful</arg>
                </arguments>
                <status status="PASS" starttime="20210716 17:58:55.470" endtime="20210716 17:58:55.470"></status>
            </kw>
            <status status="PASS" starttime="20210716 17:58:54.431" endtime="20210716 17:58:55.470"
                    critical="yes"></status>
        </test>
        <test id="s1-t9" name="legal #法律信息">
            <kw name="Sleep" library="BuiltIn">
                <doc>Pauses the test executed for the given time.</doc>
                <arguments>
                    <arg>1</arg>
                </arguments>
                <msg timestamp="20210716 17:58:56.473" level="INFO">Slept 1 second</msg>
                <status status="PASS" starttime="20210716 17:58:55.471" endtime="20210716 17:58:56.473"></status>
            </kw>
            <kw name="Open Workbook" library="ExcellentLibrary">
                <doc>Opens the workbook found at the given file path.
                    _NOTE_: Please note that at present _XLS_ files are not supported.
                </doc>
                <arguments>
                    <arg>F:\\token.xlsx</arg>
                </arguments>
                <status status="PASS" starttime="20210716 17:58:56.474" endtime="20210716 17:58:56.489"></status>
            </kw>
            <kw name="Read From Cell" library="ExcellentLibrary">
                <doc>Reads the data from the cell identified by the given locator.</doc>
                <arguments>
                    <arg>B4</arg>
                </arguments>
                <assign>
                    <var>${token}</var>
                </assign>
                <msg timestamp="20210716 17:58:56.489" level="INFO">${token} =
                    +sBlpjqSfOpYVqT1EKHEyWkJrmf26BTc6gZJZMFOBDQbfaFVttG5lihzcV8UYRyz
                </msg>
                <status status="PASS" starttime="20210716 17:58:56.489" endtime="20210716 17:58:56.489"></status>
            </kw>
            <kw name="Read From Cell" library="ExcellentLibrary">
                <doc>Reads the data from the cell identified by the given locator.</doc>
                <arguments>
                    <arg>B5</arg>
                </arguments>
                <assign>
                    <var>${itemsListId}</var>
                </assign>
                <msg timestamp="20210716 17:58:56.489" level="INFO">${itemsListId} = 45</msg>
                <status status="PASS" starttime="20210716 17:58:56.489" endtime="20210716 17:58:56.489"></status>
            </kw>
            <kw name="Create Dictionary" library="BuiltIn">
                <doc>Creates and returns a dictionary based on the given ``items``.</doc>
                <arguments>
                    <arg>token=${token}</arg>
                </arguments>
                <assign>
                    <var>${headers}</var>
                </assign>
                <msg timestamp="20210716 17:58:56.490" level="INFO">${headers} = {'token':
                    '+sBlpjqSfOpYVqT1EKHEyWkJrmf26BTc6gZJZMFOBDQbfaFVttG5lihzcV8UYRyz'}
                </msg>
                <status status="PASS" starttime="20210716 17:58:56.489" endtime="20210716 17:58:56.490"></status>
            </kw>
            <kw name="Create Session" library="RequestsLibrary">
                <doc>Create Session: create a HTTP session to a server</doc>
                <arguments>
                    <arg>legal</arg>
                    <arg>${index}</arg>
                    <arg>${headers}</arg>
                </arguments>
                <msg timestamp="20210716 17:58:56.490" level="INFO">Creating Session using : alias=legal,
                    url=http://121.30.189.198:5200/approval-project, headers={'token':
                    '+sBlpjqSfOpYVqT1EKHEyWkJrmf26BTc6gZJZMFOBDQbfaFVttG5lihzcV8UYRyz'}, cookies={}, auth=None,
                    timeout=None, proxies=None, verify=False, debug=0
                </msg>
                <status status="PASS" starttime="20210716 17:58:56.490" endtime="20210716 17:58:56.490"></status>
            </kw>
            <kw name="Get On Session" library="RequestsLibrary">
                <doc>Sends a GET request on a previously created HTTP Session.</doc>
                <arguments>
                    <arg>legal</arg>
                    <arg>legal/${itemsListId}</arg>
                </arguments>
                <assign>
                    <var>${resp}</var>
                </assign>
                <msg timestamp="20210716 17:58:56.514" level="INFO">GET Request :
                    url=http://121.30.189.198:5200/approval-project/legal/45
                    path_url=/approval-project/legal/45
                    headers={'User-Agent': 'python-requests/2.22.0', 'Accept-Encoding': 'gzip, deflate', 'Accept':
                    '*/*', 'Connection': 'keep-alive', 'token':
                    '+sBlpjqSfOpYVqT1EKHEyWkJrmf26BTc6gZJZMFOBDQbfaFVttG5lihzcV8UYRyz'}
                    body=None
                </msg>
                <msg timestamp="20210716 17:58:56.518" level="INFO">GET Response :
                    url=http://121.30.189.198:5200/approval-project/legal/45
                    status=200, reason=
                    headers={'Server': 'nginx/1.15.2', 'Date': 'Fri, 16 Jul 2021 09:58:56 GMT', 'Content-Type':
                    'application/json', 'Transfer-Encoding': 'chunked', 'Connection': 'keep-alive'}
                    body={"code":200,"message":"request
                    successful","data":[{"legalId":18,"itemsListId":45,"legalName":"《民办非企业单位登记管理暂行条例》","articleNumber":"第五条","articleContent":"第五条：国务院民政部门和县级以上地方各级人民政府民政部门是本级人民政府的民办非企业单位登记管理机关(以下简称登记管理机关)。国务院有关部门和县级以上地方各级人民政府的有关部门、国务院或者县级以上地方各级人民政府授权的组织，是有关行业、业务范围内民办非企业单位的业务主管单位(以下简称业务主管单位)。法律、行政法规对民办非企业单位的监督管理另有规定的，依照有关法律、行政法规的规定执行。","createTime":"2020-12-03T02:13:13.748+00:00","updateTime":"2020-12-03T02:13:13.748+00:00"}]}
                </msg>
                <msg timestamp="20210716 17:58:56.518" level="INFO">${resp} = &lt;Response [200]&gt;</msg>
                <status status="PASS" starttime="20210716 17:58:56.490" endtime="20210716 17:58:56.518"></status>
            </kw>
            <kw name="Close Workbook" library="ExcellentLibrary">
                <doc>Closes the workbook identified by the supplied alias.</doc>
                <arguments>
                    <arg>F:\\token.xlsx</arg>
                </arguments>
                <status status="PASS" starttime="20210716 17:58:56.519" endtime="20210716 17:58:56.519"></status>
            </kw>
            <kw name="Log" library="BuiltIn">
                <doc>Logs the given message with the given level.</doc>
                <arguments>
                    <arg>${resp.status_code}</arg>
                </arguments>
                <msg timestamp="20210716 17:58:56.519" level="INFO">200</msg>
                <status status="PASS" starttime="20210716 17:58:56.519" endtime="20210716 17:58:56.519"></status>
            </kw>
            <kw name="Log" library="BuiltIn">
                <doc>Logs the given message with the given level.</doc>
                <arguments>
                    <arg>${resp.text}</arg>
                </arguments>
                <msg timestamp="20210716 17:58:56.523" level="INFO">{"code":200,"message":"request
                    successful","data":[{"legalId":18,"itemsListId":45,"legalName":"《民办非企业单位登记管理暂行条例》","articleNumber":"第五条","articleContent":"第五条：国务院民政部门和县级以上地方各级人民政府民政部门是本级人民政府的民办非企业单位登记管理机关(以下简称登记管理机关)。国务院有关部门和县级以上地方各级人民政府的有关部门、国务院或者县级以上地方各级人民政府授权的组织，是有关行业、业务范围内民办非企业单位的业务主管单位(以下简称业务主管单位)。法律、行政法规对民办非企业单位的监督管理另有规定的，依照有关法律、行政法规的规定执行。","createTime":"2020-12-03T02:13:13.748+00:00","updateTime":"2020-12-03T02:13:13.748+00:00"}]}
                </msg>
                <status status="PASS" starttime="20210716 17:58:56.519" endtime="20210716 17:58:56.523"></status>
            </kw>
            <kw name="Should Be Equal As Strings" library="BuiltIn">
                <doc>Fails if objects are unequal after converting them to strings.</doc>
                <arguments>
                    <arg>${resp.status_code}</arg>
                    <arg>200</arg>
                </arguments>
                <msg timestamp="20210716 17:58:56.524" level="INFO">Argument types are:
                    &lt;class 'int'&gt;
                    &lt;type 'unicode'&gt;
                </msg>
                <status status="PASS" starttime="20210716 17:58:56.524" endtime="20210716 17:58:56.524"></status>
            </kw>
            <kw name="Should Be Equal As Strings" library="BuiltIn">
                <doc>Fails if objects are unequal after converting them to strings.</doc>
                <arguments>
                    <arg>${resp.json()['message']}</arg>
                    <arg>request successful</arg>
                </arguments>
                <status status="PASS" starttime="20210716 17:58:56.524" endtime="20210716 17:58:56.524"></status>
            </kw>
            <status status="PASS" starttime="20210716 17:58:55.471" endtime="20210716 17:58:56.524"
                    critical="yes"></status>
        </test>
        <test id="s1-t10" name="department #部门列表">
            <kw name="Open Workbook" library="ExcellentLibrary">
                <doc>Opens the workbook found at the given file path.
                    _NOTE_: Please note that at present _XLS_ files are not supported.
                </doc>
                <arguments>
                    <arg>F:\\token.xlsx</arg>
                </arguments>
                <status status="PASS" starttime="20210716 17:58:56.525" endtime="20210716 17:58:56.536"></status>
            </kw>
            <kw name="Read From Cell" library="ExcellentLibrary">
                <doc>Reads the data from the cell identified by the given locator.</doc>
                <arguments>
                    <arg>B4</arg>
                </arguments>
                <assign>
                    <var>${token}</var>
                </assign>
                <msg timestamp="20210716 17:58:56.537" level="INFO">${token} =
                    +sBlpjqSfOpYVqT1EKHEyWkJrmf26BTc6gZJZMFOBDQbfaFVttG5lihzcV8UYRyz
                </msg>
                <status status="PASS" starttime="20210716 17:58:56.536" endtime="20210716 17:58:56.537"></status>
            </kw>
            <kw name="Create Dictionary" library="BuiltIn">
                <doc>Creates and returns a dictionary based on the given ``items``.</doc>
                <arguments>
                    <arg>token=${token}</arg>
                </arguments>
                <assign>
                    <var>${headers}</var>
                </assign>
                <msg timestamp="20210716 17:58:56.537" level="INFO">${headers} = {'token':
                    '+sBlpjqSfOpYVqT1EKHEyWkJrmf26BTc6gZJZMFOBDQbfaFVttG5lihzcV8UYRyz'}
                </msg>
                <status status="PASS" starttime="20210716 17:58:56.537" endtime="20210716 17:58:56.537"></status>
            </kw>
            <kw name="Create Session" library="RequestsLibrary">
                <doc>Create Session: create a HTTP session to a server</doc>
                <arguments>
                    <arg>department</arg>
                    <arg>http://${server}</arg>
                    <arg>${headers}</arg>
                </arguments>
                <msg timestamp="20210716 17:58:56.537" level="INFO">Creating Session using : alias=department,
                    url=http://121.30.189.198:5200, headers={'token':
                    '+sBlpjqSfOpYVqT1EKHEyWkJrmf26BTc6gZJZMFOBDQbfaFVttG5lihzcV8UYRyz'}, cookies={}, auth=None,
                    timeout=None, proxies=None, verify=False, debug=0
                </msg>
                <status status="PASS" starttime="20210716 17:58:56.537" endtime="20210716 17:58:56.538"></status>
            </kw>
            <kw name="Post On Session" library="RequestsLibrary">
                <doc>Sends a POST request on a previously created HTTP Session.</doc>
                <arguments>
                    <arg>department</arg>
                    <arg>approval-project/department/tree</arg>
                </arguments>
                <assign>
                    <var>${resp}</var>
                </assign>
                <msg timestamp="20210716 17:58:56.558" level="INFO">POST Request :
                    url=http://121.30.189.198:5200/approval-project/department/tree
                    path_url=/approval-project/department/tree
                    headers={'User-Agent': 'python-requests/2.22.0', 'Accept-Encoding': 'gzip, deflate', 'Accept':
                    '*/*', 'Connection': 'keep-alive', 'token':
                    '+sBlpjqSfOpYVqT1EKHEyWkJrmf26BTc6gZJZMFOBDQbfaFVttG5lihzcV8UYRyz', 'Content-Length': '0'}
                    body=None
                </msg>
                <msg timestamp="20210716 17:58:56.565" level="INFO">POST Response :
                    url=http://121.30.189.198:5200/approval-project/department/tree
                    status=200, reason=
                    headers={'Server': 'nginx/1.15.2', 'Date': 'Fri, 16 Jul 2021 09:58:56 GMT', 'Content-Type':
                    'application/json', 'Transfer-Encoding': 'chunked', 'Connection': 'keep-alive'}
                    body={"code":200,"message":"request
                    successful","data":[{"departmentId":1,"departmentName":"大同市政府","departmentAbbreviation":"市政","unifiedSocialCreditCode":"12358484","weight":1,"parentId":0,"treeCode":"1","createTime":"2020-09-24T09:16:16.389+00:00","updateTieme":"2020-09-24T09:16:16.329+00:00","children":[{"departmentId":2,"departmentName":"文件部门","departmentAbbreviation":"文件部门","unifiedSocialCreditCode":"12358484","weight":2,"parentId":1,"treeCode":"1_2","createTime":"2020-09-24T09:17:25.685+00:00","updateTieme":"2020-09-24T09:17:25.673+00:00","children":[]},{"departmentId":3,"departmentName":"办事部门","departmentAbbreviation":"办事部门","unifiedSocialCreditCode":"123584844","weight":3,"parentId":1,"treeCode":"1_3","createTime":"2020-09-24T09:17:59.907+00:00","updateTieme":"2020-09-24T09:17:59.896+00:00","children":[]}]},{"departmentId":4,"departmentName":"社保局","departmentAbbreviation":"社保局","unifiedSocialCreditCode":"1235848446","weight":2,"parentId":0,"treeCode":"4","createTime":"2020-09-24T09:18:39.869+00:00","updateTieme":"2020-11-09T03:25:37.377+00:00","children":[{"departmentId":5,"departmentName":"测试11","departmentAbbreviation":"测试111","unifiedSocialCreditCode":"1235848446","weight":3,"parentId":4,"treeCode":"4_5","createTime":"2020-09-24T09:18:57.415+00:00","updateTieme":"2020-09-24T09:18:57.411+00:00","children":[]}]},{"departmentId":10,"departmentName":"住建部","departmentAbbreviation":"住建部","unifiedSocialCreditCode":"145456465456465","weight":3,"parentId":0,"treeCode":"10","createTime":"2020-09-25T02:37:18.550+00:00","updateTieme":"2020-11-09T03:25:26.161+00:00","children":[]},{"departmentId":11,"departmentName":"平城区教育局","departmentAbbreviation":"平城区教育局","unifiedSocialCreditCode":"001","weight":1,"parentId":0,"treeCode":"11","createTime":"2021-03-20T02:02:58.780+00:00","updateTieme":"2021-03-20T02:02:58.768+00:00","children":[]}]}
                </msg>
                <msg timestamp="20210716 17:58:56.565" level="INFO">${resp} = &lt;Response [200]&gt;</msg>
                <status status="PASS" starttime="20210716 17:58:56.538" endtime="20210716 17:58:56.565"></status>
            </kw>
            <kw name="Close Workbook" library="ExcellentLibrary">
                <doc>Closes the workbook identified by the supplied alias.</doc>
                <arguments>
                    <arg>F:\\token.xlsx</arg>
                </arguments>
                <status status="PASS" starttime="20210716 17:58:56.565" endtime="20210716 17:58:56.565"></status>
            </kw>
            <kw name="Log" library="BuiltIn">
                <doc>Logs the given message with the given level.</doc>
                <arguments>
                    <arg>${resp.status_code}</arg>
                </arguments>
                <msg timestamp="20210716 17:58:56.566" level="INFO">200</msg>
                <status status="PASS" starttime="20210716 17:58:56.565" endtime="20210716 17:58:56.566"></status>
            </kw>
            <kw name="Should Be Equal As Strings" library="BuiltIn">
                <doc>Fails if objects are unequal after converting them to strings.</doc>
                <arguments>
                    <arg>${resp.status_code}</arg>
                    <arg>200</arg>
                </arguments>
                <msg timestamp="20210716 17:58:56.566" level="INFO">Argument types are:
                    &lt;class 'int'&gt;
                    &lt;type 'unicode'&gt;
                </msg>
                <status status="PASS" starttime="20210716 17:58:56.566" endtime="20210716 17:58:56.566"></status>
            </kw>
            <kw name="Should Be Equal As Strings" library="BuiltIn">
                <doc>Fails if objects are unequal after converting them to strings.</doc>
                <arguments>
                    <arg>${resp.json()['message']}</arg>
                    <arg>request successful</arg>
                </arguments>
                <status status="PASS" starttime="20210716 17:58:56.566" endtime="20210716 17:58:56.566"></status>
            </kw>
            <status status="PASS" starttime="20210716 17:58:56.525" endtime="20210716 17:58:56.566"
                    critical="yes"></status>
        </test>
        <status status="PASS" starttime="20210716 17:58:47.096" endtime="20210716 17:58:56.567"></status>
    </suite>
    <statistics>
        <total>
            <stat pass="10" fail="0">Critical Tests</stat>
            <stat pass="10" fail="0">All Tests</stat>
        </total>
        <tag>
        </tag>
        <suite>
            <stat pass="10" fail="0" id="s1" name="Approval Testsuit">Approval Testsuit</stat>
        </suite>
    </statistics>
    <errors>
    </errors>
</robot>
